# Logfile created on 2014-01-18 23:00:17 +0900 by logger.rb/44203
I, [2014-01-18T23:00:17.072600 #2506]  INFO -- : 0:  rake (10.1.1) from /Users/spesnova/.rbenv/versions/2.1.0/lib/ruby/gems/2.1.0/specifications/rake-10.1.1.gemspec
I, [2014-01-18T23:00:17.073132 #2506]  INFO -- : 0:  i18n (0.6.9) from /Users/spesnova/.rbenv/versions/2.1.0/lib/ruby/gems/2.1.0/specifications/i18n-0.6.9.gemspec
I, [2014-01-18T23:00:17.073518 #2506]  INFO -- : 0:  net-ssh (2.7.0) from /Users/spesnova/.rbenv/versions/2.1.0/lib/ruby/gems/2.1.0/specifications/net-ssh-2.7.0.gemspec
I, [2014-01-18T23:00:17.073866 #2506]  INFO -- : 0:  net-scp (1.1.2) from /Users/spesnova/.rbenv/versions/2.1.0/lib/ruby/gems/2.1.0/specifications/net-scp-1.1.2.gemspec
I, [2014-01-18T23:00:18.107009 #2506]  INFO -- : 0:  tins (0.13.1) from /Users/spesnova/.rbenv/versions/2.1.0/lib/ruby/gems/2.1.0/specifications/tins-0.13.1.gemspec
I, [2014-01-18T23:00:19.255555 #2506]  INFO -- : 0:  term-ansicolor (1.2.2) from /Users/spesnova/.rbenv/versions/2.1.0/lib/ruby/gems/2.1.0/specifications/term-ansicolor-1.2.2.gemspec
I, [2014-01-18T23:00:20.023957 #2506]  INFO -- : 0:  sshkit (1.3.0) from /Users/spesnova/.rbenv/versions/2.1.0/lib/ruby/gems/2.1.0/specifications/sshkit-1.3.0.gemspec
I, [2014-01-18T23:00:20.738320 #2506]  INFO -- : 0:  capistrano (3.1.0) from /Users/spesnova/.rbenv/versions/2.1.0/lib/ruby/gems/2.1.0/specifications/capistrano-3.1.0.gemspec
I, [2014-01-18T23:00:20.738871 #2506]  INFO -- : 0:  hashie (2.0.5) from /Users/spesnova/.rbenv/versions/2.1.0/lib/ruby/gems/2.1.0/specifications/hashie-2.0.5.gemspec
I, [2014-01-18T23:00:20.739215 #2506]  INFO -- : 0:  json (1.7.7) from /Users/spesnova/.rbenv/versions/2.1.0/lib/ruby/gems/2.1.0/specifications/json-1.7.7.gemspec
I, [2014-01-18T23:00:20.739546 #2506]  INFO -- : 0:  mixlib-log (1.6.0) from /Users/spesnova/.rbenv/versions/2.1.0/lib/ruby/gems/2.1.0/specifications/mixlib-log-1.6.0.gemspec
I, [2014-01-18T23:00:20.739870 #2506]  INFO -- : 0:  moneta (0.6.0) from /Users/spesnova/.rbenv/versions/2.1.0/lib/ruby/gems/2.1.0/specifications/moneta-0.6.0.gemspec
I, [2014-01-18T23:00:20.740189 #2506]  INFO -- : 0:  rack (1.5.2) from /Users/spesnova/.rbenv/versions/2.1.0/lib/ruby/gems/2.1.0/specifications/rack-1.5.2.gemspec
I, [2014-01-18T23:00:20.740511 #2506]  INFO -- : 0:  chef-zero (1.7.2) from /Users/spesnova/.rbenv/versions/2.1.0/lib/ruby/gems/2.1.0/specifications/chef-zero-1.7.2.gemspec
I, [2014-01-18T23:00:20.740828 #2506]  INFO -- : 0:  diff-lcs (1.2.5) from /Users/spesnova/.rbenv/versions/2.1.0/lib/ruby/gems/2.1.0/specifications/diff-lcs-1.2.5.gemspec
I, [2014-01-18T23:00:20.741146 #2506]  INFO -- : 0:  erubis (2.7.0) from /Users/spesnova/.rbenv/versions/2.1.0/lib/ruby/gems/2.1.0/specifications/erubis-2.7.0.gemspec
I, [2014-01-18T23:00:20.741463 #2506]  INFO -- : 0:  highline (1.6.20) from /Users/spesnova/.rbenv/versions/2.1.0/lib/ruby/gems/2.1.0/specifications/highline-1.6.20.gemspec
I, [2014-01-18T23:00:20.741781 #2506]  INFO -- : 0:  mime-types (1.25.1) from /Users/spesnova/.rbenv/versions/2.1.0/lib/ruby/gems/2.1.0/specifications/mime-types-1.25.1.gemspec
I, [2014-01-18T23:00:20.742098 #2506]  INFO -- : 0:  mixlib-authentication (1.3.0) from /Users/spesnova/.rbenv/versions/2.1.0/lib/ruby/gems/2.1.0/specifications/mixlib-authentication-1.3.0.gemspec
I, [2014-01-18T23:00:20.742413 #2506]  INFO -- : 0:  mixlib-cli (1.4.0) from /Users/spesnova/.rbenv/versions/2.1.0/lib/ruby/gems/2.1.0/specifications/mixlib-cli-1.4.0.gemspec
I, [2014-01-18T23:00:20.742726 #2506]  INFO -- : 0:  mixlib-config (2.1.0) from /Users/spesnova/.rbenv/versions/2.1.0/lib/ruby/gems/2.1.0/specifications/mixlib-config-2.1.0.gemspec
I, [2014-01-18T23:00:20.743042 #2506]  INFO -- : 0:  mixlib-shellout (1.3.0) from /Users/spesnova/.rbenv/versions/2.1.0/lib/ruby/gems/2.1.0/specifications/mixlib-shellout-1.3.0.gemspec
I, [2014-01-18T23:00:20.743417 #2506]  INFO -- : 0:  net-ssh-gateway (1.2.0) from /Users/spesnova/.rbenv/versions/2.1.0/lib/ruby/gems/2.1.0/specifications/net-ssh-gateway-1.2.0.gemspec
I, [2014-01-18T23:00:20.743734 #2506]  INFO -- : 0:  net-ssh-multi (1.1) from /Users/spesnova/.rbenv/versions/2.1.0/lib/ruby/gems/2.1.0/specifications/net-ssh-multi-1.1.gemspec
I, [2014-01-18T23:00:20.744077 #2506]  INFO -- : 0:  ipaddress (0.8.0) from /Users/spesnova/.rbenv/versions/2.1.0/lib/ruby/gems/2.1.0/specifications/ipaddress-0.8.0.gemspec
I, [2014-01-18T23:00:20.744393 #2506]  INFO -- : 0:  systemu (2.5.2) from /Users/spesnova/.rbenv/versions/2.1.0/lib/ruby/gems/2.1.0/specifications/systemu-2.5.2.gemspec
I, [2014-01-18T23:00:20.744707 #2506]  INFO -- : 0:  yajl-ruby (1.2.0) from /Users/spesnova/.rbenv/versions/2.1.0/lib/ruby/gems/2.1.0/specifications/yajl-ruby-1.2.0.gemspec
I, [2014-01-18T23:00:20.745018 #2506]  INFO -- : 0:  ohai (6.20.0) from /Users/spesnova/.rbenv/versions/2.1.0/lib/ruby/gems/2.1.0/specifications/ohai-6.20.0.gemspec
I, [2014-01-18T23:00:20.745731 #2506]  INFO -- : 0:  coderay (1.1.0) from /Users/spesnova/.rbenv/versions/2.1.0/lib/ruby/gems/2.1.0/specifications/coderay-1.1.0.gemspec
I, [2014-01-18T23:00:20.746180 #2506]  INFO -- : 0:  method_source (0.8.2) from /Users/spesnova/.rbenv/versions/2.1.0/lib/ruby/gems/2.1.0/specifications/method_source-0.8.2.gemspec
I, [2014-01-18T23:00:20.746594 #2506]  INFO -- : 0:  slop (3.4.7) from /Users/spesnova/.rbenv/versions/2.1.0/lib/ruby/gems/2.1.0/specifications/slop-3.4.7.gemspec
I, [2014-01-18T23:00:20.747001 #2506]  INFO -- : 0:  pry (0.9.12.4) from /Users/spesnova/.rbenv/versions/2.1.0/lib/ruby/gems/2.1.0/specifications/pry-0.9.12.4.gemspec
I, [2014-01-18T23:00:20.747407 #2506]  INFO -- : 0:  puma (1.6.3) from /Users/spesnova/.rbenv/versions/2.1.0/lib/ruby/gems/2.1.0/specifications/puma-1.6.3.gemspec
I, [2014-01-18T23:00:20.747811 #2506]  INFO -- : 0:  rest-client (1.6.7) from /Users/spesnova/.rbenv/versions/2.1.0/lib/ruby/gems/2.1.0/specifications/rest-client-1.6.7.gemspec
I, [2014-01-18T23:00:20.748197 #2506]  INFO -- : 0:  chef (11.8.2) from /Users/spesnova/.rbenv/versions/2.1.0/lib/ruby/gems/2.1.0/specifications/chef-11.8.2.gemspec
I, [2014-01-18T23:00:20.748537 #2506]  INFO -- : 0:  bundler (1.5.1) from /Users/spesnova/.rbenv/versions/2.1.0/lib/ruby/gems/2.1.0/specifications/bundler-1.5.1.gemspec
